[02:39:07] [main/INFO]: Loading Minecraft 1.20.1 with Fabric Loader 0.16.3
[02:39:07] [main/INFO]: Loading 4 mods:
	- fabricloader 0.16.3
	   \-- mixinextras 0.4.1
	- java 17
	- minecraft 1.20.1
[02:39:07] [main/INFO]: SpongePowered MIXIN Subsystem Version=0.8.7 Source=file:/workspaces/Servidor/servidor_minecraft/libraries/net/fabricmc/sponge-mixin/0.15.2+mixin.0.8.7/sponge-mixin-0.15.2+mixin.0.8.7.jar Service=Knot/Fabric Env=SERVER
[02:39:14] [main/INFO]: Environment: authHost='https://authserver.mojang.com', accountsHost='https://api.mojang.com', sessionHost='https://sessionserver.mojang.com', servicesHost='https://api.minecraftservices.com', name='PROD'
[02:39:16] [main/INFO]: Loaded 7 recipes
[02:39:16] [main/INFO]: Loaded 1271 advancements
[02:39:17] [Server thread/INFO]: Starting minecraft server version 1.20.1
[02:39:17] [Server thread/INFO]: Loading properties
[02:39:17] [Server thread/INFO]: Default game type: SURVIVAL
[02:39:17] [Server thread/INFO]: Generating keypair
[02:39:17] [Server thread/INFO]: Starting Minecraft server on *:25565
[02:39:17] [Server thread/INFO]: Using epoll channel type
[02:39:17] [Server thread/WARN]: **** SERVER IS RUNNING IN OFFLINE/INSECURE MODE!
[02:39:17] [Server thread/WARN]: The server will make no attempt to authenticate usernames. Beware.
[02:39:17] [Server thread/WARN]: While this makes the game possible to play without internet access, it also opens up the ability for hackers to connect with any username they choose.
[02:39:17] [Server thread/WARN]: To change this, set "online-mode" to "true" in the server.properties file.
[02:39:17] [Server thread/INFO]: Preparing level "world"
[02:39:20] [Server thread/INFO]: Preparing start region for dimension minecraft:overworld
[02:39:22] [Worker-Main-1/INFO]: Preparing spawn area: 0%
[02:39:22] [Worker-Main-1/INFO]: Preparing spawn area: 0%
[02:39:22] [Worker-Main-1/INFO]: Preparing spawn area: 0%
[02:39:22] [Worker-Main-1/INFO]: Preparing spawn area: 0%
[02:39:22] [Worker-Main-3/INFO]: Preparing spawn area: 0%
[02:39:22] [Worker-Main-3/INFO]: Preparing spawn area: 0%
[02:39:23] [Worker-Main-2/INFO]: Preparing spawn area: 0%
[02:39:23] [Worker-Main-1/INFO]: Preparing spawn area: 0%
[02:39:24] [Worker-Main-3/INFO]: Preparing spawn area: 0%
[02:39:24] [Worker-Main-3/INFO]: Preparing spawn area: 0%
[02:39:25] [Worker-Main-1/INFO]: Preparing spawn area: 35%
[02:39:26] [Server thread/INFO]: Time elapsed: 5527 ms
[02:39:26] [Server thread/INFO]: Done (8.627s)! For help, type "help"
[02:42:03] [Server thread/INFO]: Jose_Dev[/127.43.62.8:54713] logged in with entity id 247 at (10.835144235955113, 64.0, 138.26748770081895)
[02:42:03] [Server thread/INFO]: Jose_Dev joined the game
[02:44:42] [Server thread/INFO]: SocZiro21[/127.92.175.141:49043] logged in with entity id 570 at (9.5, 65.0, 152.5)
[02:44:42] [Server thread/INFO]: SocZiro21 joined the game
[02:45:05] [Server thread/INFO]: [Not Secure] <SocZiro21> KLK MI LOCO
[02:45:17] [Server thread/INFO]: [Not Secure] <Jose_Dev> todo bien todo correcto y yo que me alegro
[02:45:18] [Server thread/INFO]: [Not Secure] <SocZiro21> uff un poco lag
[02:45:19] [Server thread/INFO]: [Not Secure] <SocZiro21> pera
[02:45:25] [Server thread/INFO]: [Not Secure] <Jose_Dev> voy fluido
[02:45:30] [Server thread/INFO]: [Not Secure] <SocZiro21> 45 fps yo
[02:45:32] [Server thread/INFO]: [Not Secure] <Jose_Dev> haz lo que hice en el video
[02:45:34] [Server thread/INFO]: [Not Secure] <Jose_Dev> 50
[02:45:36] [Server thread/INFO]: [Not Secure] <Jose_Dev> 60
[02:45:46] [Server thread/INFO]: [Not Secure] <Jose_Dev> bajate a 8 chunks
[02:46:04] [Server thread/INFO]: [Not Secure] <Jose_Dev> y desactivate el vsyn
[02:46:43] [Server thread/INFO]: Jose_Dev has made the advancement [Stone Age]
[02:47:01] [Server thread/INFO]: Jose_Dev has made the advancement [Monster Hunter]
[02:47:43] [Server thread/INFO]: [Not Secure] <SocZiro21> llevas una flecha en toda la nuca bro
[02:47:49] [Server thread/INFO]: [Not Secure] <Jose_Dev> jajsa
[02:48:19] [Server thread/INFO]: Jose_Dev has made the advancement [Getting an Upgrade]
[02:48:25] [Server thread/INFO]: [Not Secure] <SocZiro21> dos corazones
[02:48:33] [Server thread/INFO]: [Not Secure] <Jose_Dev> bro
[02:48:40] [Server thread/INFO]: [Not Secure] <SocZiro21> q fue bro
[02:48:57] [Server thread/INFO]: [Not Secure] <SocZiro21> que coño
[02:49:12] [Server thread/INFO]: SocZiro21 has made the advancement [Getting an Upgrade]
[02:49:14] [Server thread/INFO]: [Not Secure] <Jose_Dev> eso
[02:50:03] [Server thread/INFO]: SocZiro21 has made the advancement [Stone Age]
[02:50:18] [Server thread/INFO]: [Not Secure] <SocZiro21> aun en 8 chunks me va igual
[02:50:23] [Server thread/INFO]: [Not Secure] <Jose_Dev> a cuanto
[02:50:26] [Server thread/INFO]: [Not Secure] <SocZiro21> amos a instalarle sodium aver si muy vergas
[02:50:28] [Server thread/INFO]: [Not Secure] <SocZiro21> 45 fps
[02:50:30] [Server thread/INFO]: [Not Secure] <Jose_Dev> ya tiene
[02:50:36] [Server thread/INFO]: [Not Secure] <Jose_Dev> entra a shader settings
[02:50:40] [Server thread/INFO]: [Not Secure] <SocZiro21> valio pinga
[02:51:10] [Server thread/INFO]: [Not Secure] <SocZiro21> bueno igualmente digo q me pase subnautica a 15 fps en una tostadora por pc q tenia
[02:51:12] [Server thread/INFO]: [Not Secure] <Jose_Dev> Y POn low o very low o potato
[02:51:28] [Server thread/INFO]: [Not Secure] <Jose_Dev> joa
[02:51:42] [Server thread/INFO]: [Not Secure] <SocZiro21> joder tiene hasta mod pa layers en las skins
[02:51:44] [Server thread/INFO]: [Not Secure] <SocZiro21> el diavlo
[02:52:18] [Server thread/INFO]: [Not Secure] <SocZiro21> donde esta lo de los shaders
[02:52:28] [Server thread/INFO]: [Not Secure] <Jose_Dev> video settings
[02:52:37] [Server thread/INFO]: [Not Secure] <Jose_Dev> arrinba a la derecha
[02:54:30] [Server thread/INFO]: [Not Secure] <SocZiro21> un poco mejor
[02:54:32] [Server thread/INFO]: [Not Secure] <SocZiro21> enfin
[02:54:44] [Server thread/INFO]: [Not Secure] <Jose_Dev> ojo medio cra
[02:54:52] [Server thread/INFO]: [Not Secure] <Jose_Dev> ey busquemos otro bioma
[02:54:55] [Server thread/INFO]: [Not Secure] <SocZiro21> aun con todo en bajo esta bien bonito
[02:54:57] [Server thread/INFO]: [Not Secure] <Jose_Dev> mira el mapa da asco
[02:55:00] [Server thread/INFO]: [Not Secure] <Jose_Dev> se
[02:55:06] [Server thread/INFO]: [Not Secure] <SocZiro21> pss
[02:55:09] [Server thread/INFO]: [Not Secure] <SocZiro21> hay una taiga por ahi
[02:55:13] [Server thread/INFO]: [Not Secure] <SocZiro21> puede q lleve a otros sitios
[02:55:15] [Server thread/INFO]: [Not Secure] <SocZiro21> amos aver?
[02:55:20] [Server thread/INFO]: [Not Secure] <Jose_Dev> si
[02:55:37] [Server thread/INFO]: [Not Secure] <SocZiro21> joder como se ven las nubes
[02:55:40] [Server thread/INFO]: [Not Secure] <SocZiro21> zamn
[02:55:41] [Server thread/INFO]: [Not Secure] <Jose_Dev> si
[02:55:54] [Server thread/INFO]: [Not Secure] <SocZiro21> aca me va mejor
[02:55:55] [Server thread/INFO]: [Not Secure] <Jose_Dev> aun se ve el reflejo en el hielo
[02:55:56] [Server thread/INFO]: [Not Secure] <SocZiro21> 58 fps}
[02:55:59] [Server thread/INFO]: [Not Secure] <SocZiro21> sisi
[02:56:02] [Server thread/INFO]: [Not Secure] <SocZiro21> mu bonito
[02:56:20] [Server thread/INFO]: [Not Secure] <Jose_Dev> bro
[02:56:37] [Server thread/INFO]: [Not Secure] <SocZiro21> estoy bien jodido
[02:56:48] [Server thread/INFO]: [Not Secure] <SocZiro21> q es esto?
[02:56:51] [Server thread/INFO]: [Not Secure] <SocZiro21> lapis?
[02:56:52] [Server thread/INFO]: [Not Secure] <Jose_Dev> bro esto es una isla
[02:56:55] [Server thread/INFO]: [Not Secure] <Jose_Dev> cobre y lapis
[02:56:57] [Server thread/INFO]: [Not Secure] <SocZiro21> ah pues si
[02:56:59] [Server thread/INFO]: [Not Secure] <SocZiro21> q raro
[02:57:07] [Server thread/INFO]: [Not Secure] <SocZiro21> hagamonos un barco aver
[02:57:28] [Server thread/INFO]: [Not Secure] <SocZiro21> bien criminal este lag
[02:57:35] [Server thread/INFO]: [Not Secure] <Jose_Dev> tengo que verlo
[02:57:40] [Server thread/INFO]: [Not Secure] <Jose_Dev> yo voy lisito
[02:58:04] [Server thread/INFO]: [Not Secure] <Jose_Dev> controla
[02:58:17] [Server thread/INFO]: [Not Secure] <Jose_Dev> bua
[02:58:23] [Server thread/INFO]: [Not Secure] <SocZiro21> vaya spawn amigo
[02:58:30] [Server thread/INFO]: [Not Secure] <Jose_Dev> vamos a buscar una aldea
[02:58:42] [Server thread/INFO]: [Not Secure] <SocZiro21> ok esto esta mas calido
[02:58:54] [Server thread/INFO]: [Not Secure] <SocZiro21> joder
[02:58:57] [Server thread/INFO]: [Not Secure] <SocZiro21> voy a cambiar de red
[02:59:01] [Server thread/INFO]: [Not Secure] <SocZiro21> yavengo
[02:59:05] [Server thread/INFO]: [Not Secure] <SocZiro21> esto es un crimen
[02:59:10] [Server thread/INFO]: SocZiro21 lost connection: Disconnected
[02:59:10] [Server thread/INFO]: SocZiro21 left the game
[03:01:57] [Server thread/INFO]: SocZiro21[/127.16.50.237:50089] logged in with entity id 5862 at (-561.2971580265986, 63.0, 1069.1669405962793)
[03:01:57] [Server thread/INFO]: SocZiro21 joined the game
[03:02:29] [Server thread/INFO]: [Not Secure] <SocZiro21> joder gracias bro
[03:02:34] [Server thread/INFO]: [Not Secure] <Jose_Dev> vamos a seguir explorando
[03:02:46] [Server thread/INFO]: [Not Secure] <Jose_Dev> pero espara y voy por algo de carbon
[03:03:08] [Server thread/INFO]: Jose_Dev drowned
[03:03:13] [Server thread/INFO]: [Not Secure] <Jose_Dev> jasjjas
[03:03:14] [Server thread/INFO]: [Not Secure] <SocZiro21> damn
[03:03:16] [Server thread/INFO]: [Not Secure] <SocZiro21> sipasa
[03:03:48] [Server thread/INFO]: [Not Secure] <SocZiro21> yavengo
[03:05:34] [Server thread/INFO]: [Not Secure] <SocZiro21> joder
[03:05:43] [Server thread/INFO]: [Not Secure] <SocZiro21> como lo llevas bro
[03:05:56] [Server thread/INFO]: [Not Secure] <Jose_Dev> excelente
[03:06:14] [Server thread/INFO]: [Not Secure] <SocZiro21> esto es el jei?
[03:06:20] [Server thread/INFO]: [Not Secure] <Jose_Dev> si
[03:06:24] [Server thread/INFO]: [Not Secure] <SocZiro21> hubiesemos puesto wawla tambien
[03:06:30] [Server thread/INFO]: [Not Secure] <Jose_Dev> cual es ese
[03:06:35] [Server thread/INFO]: [Not Secure] <SocZiro21> what are we looking at
[03:06:41] [Server thread/INFO]: [Not Secure] <SocZiro21> el q identifica los bloques y tal
[03:06:48] [Server thread/INFO]: [Not Secure] <Jose_Dev> a si
[03:06:50] [Server thread/INFO]: SocZiro21 has made the advancement [Monster Hunter]
[03:07:17] [Server thread/INFO]: [Not Secure] <Jose_Dev> bro´w
[03:07:21] [Server thread/INFO]: [Not Secure] <SocZiro21> q
[03:07:27] [Server thread/INFO]: [Not Secure] <SocZiro21> esqueleto
[03:07:51] [Server thread/INFO]: [Not Secure] <Jose_Dev> ez
[03:07:58] [Server thread/INFO]: [Not Secure] <SocZiro21> ah lo de iluminacion suave
[03:08:00] [Server thread/INFO]: [Not Secure] <SocZiro21> god
[03:08:09] [Server thread/INFO]: [Not Secure] <Jose_Dev> deberiamos seguir en bote
[03:08:28] [Server thread/INFO]: [Not Secure] <Jose_Dev> maneja bro
[03:08:31] [Server thread/INFO]: [Not Secure] <SocZiro21> pq yo?
[03:09:34] [Server thread/INFO]: [Not Secure] <SocZiro21> por cierto como se ponen los waypoints
[03:09:37] [Server thread/INFO]: [Not Secure] <SocZiro21> en este minimapa?
[03:09:43] [Server thread/INFO]: [Not Secure] <SocZiro21> yo nomas me se el de journeymap
[03:09:53] [Server thread/INFO]: [Not Secure] <Jose_Dev> en el ultimos escudito
[03:09:57] [Server thread/INFO]: [Not Secure] <Jose_Dev> que sale abajo a la derecha
[03:10:04] [Server thread/INFO]: [Not Secure] <SocZiro21> ah
[03:10:05] [Server thread/INFO]: [Not Secure] <SocZiro21> god
[03:10:18] [Server thread/INFO]: [Not Secure] <SocZiro21> bro?
[03:10:34] [Server thread/INFO]: [Not Secure] <Jose_Dev> en ajuste
[03:10:39] [Server thread/INFO]: [Not Secure] <Jose_Dev> entra al mapa
[03:10:41] [Server thread/INFO]: [Not Secure] <SocZiro21> no
[03:10:45] [Server thread/INFO]: [Not Secure] <SocZiro21> q te veia todo tieso
[03:10:55] [Server thread/INFO]: [Not Secure] <Jose_Dev> mapa ajustes minimap settins
[03:10:58] [Server thread/INFO]: [Not Secure] <Jose_Dev> y waypoints
[03:11:32] [Server thread/INFO]: [Not Secure] <Jose_Dev> bro nada de aldeas
[03:11:42] [Server thread/INFO]: [Not Secure] <SocZiro21> ha de haber una por aqui
[03:11:44] [Server thread/INFO]: [Not Secure] <SocZiro21> es un plains
[03:11:52] [Server thread/INFO]: [Not Secure] <Jose_Dev> si
[03:12:04] [Server thread/INFO]: [Not Secure] <Jose_Dev> aldea
[03:12:07] [Server thread/INFO]: [Not Secure] <SocZiro21> god
[03:12:19] [Server thread/INFO]: [Not Secure] <SocZiro21> ovejas
[03:12:24] [Server thread/INFO]: [Not Secure] <Jose_Dev> si lleva
[03:12:32] [Server thread/INFO]: [Not Secure] <SocZiro21> aunq probablemente sea mas eficiente robar camas de la aldea
[03:12:37] [Server thread/INFO]: [Not Secure] <Jose_Dev> se
[03:13:42] [Server thread/INFO]: Jose_Dev has made the advancement [Suit Up]
[03:13:44] [Server thread/INFO]: Jose_Dev has made the advancement [Acquire Hardware]
[03:14:24] [Server thread/INFO]: [Not Secure] <SocZiro21> animaciones al comer
[03:14:25] [Server thread/INFO]: [Not Secure] <SocZiro21> god
[03:14:28] [Server thread/INFO]: [Not Secure] <Jose_Dev> SI
[03:14:30] [Server thread/INFO]: [Not Secure] <SocZiro21> como las del actions and stuff
[03:14:47] [Server thread/INFO]: [Not Secure] <SocZiro21> oe como se pillan las cosas?
[03:14:49] [Server thread/INFO]: [Not Secure] <SocZiro21> del carry on
[03:15:05] [Server thread/INFO]: [Not Secure] <SocZiro21> ah sin asignar
[03:15:05] [Server thread/INFO]: [Not Secure] <Jose_Dev> NO SE
[03:15:10] [Server thread/INFO]: [Not Secure] <Jose_Dev> jajsa
[03:15:23] [Server thread/INFO]: [Not Secure] <SocZiro21> a la N le pondre
[03:15:32] [Server thread/INFO]: [Not Secure] <SocZiro21> por cierto pa poner waypoints rapidos dale a la B
[03:15:40] [Server thread/INFO]: [Not Secure] <Jose_Dev> okey
[03:16:45] [Server thread/INFO]: [Not Secure] <Jose_Dev> que prefieres
[03:17:00] [Server thread/INFO]: [Not Secure] <Jose_Dev> 5 de hierro o y un caso o una pechera de hiero y un escudo
[03:17:07] [Server thread/INFO]: [Not Secure] <SocZiro21> pechera y escudo
[03:17:09] [Server thread/INFO]: [Not Secure] <SocZiro21> evidentemente
[03:17:11] [Server thread/INFO]: [Not Secure] <Jose_Dev> coje
[03:17:31] [Server thread/INFO]: SocZiro21 has made the advancement [Suit Up]
[03:17:32] [Server thread/INFO]: SocZiro21 has made the advancement [Acquire Hardware]
[03:17:33] [Server thread/INFO]: [Not Secure] <SocZiro21> no puedo pillar al cabron este
[03:17:35] [Server thread/INFO]: [Not Secure] <Jose_Dev> te haces el escudo
[03:17:39] [Server thread/INFO]: [Not Secure] <SocZiro21> grax
[03:17:41] [Server thread/INFO]: [Not Secure] <Jose_Dev> mano vacia
[03:17:44] [Server thread/INFO]: [Not Secure] <SocZiro21> eso hacia
[03:18:10] [Server thread/INFO]: [Not Secure] <Jose_Dev> ey no anda
[03:18:28] [Server thread/INFO]: [Not Secure] <SocZiro21> ya
[03:18:33] [Server thread/INFO]: [Not Secure] <SocZiro21> a saber pq
[03:18:40] [Server thread/INFO]: [Not Secure] <Jose_Dev> como hiciste
[03:18:47] [Server thread/INFO]: [Not Secure] <SocZiro21> no q ya q no anda
[03:18:59] [Server thread/INFO]: [Not Secure] <SocZiro21> y esta cama toda bugeada?
[03:19:16] [Server thread/INFO]: [Not Secure] <Jose_Dev> cual
[03:19:24] [Server thread/INFO]: [Not Secure] <Jose_Dev> dios
[03:19:25] [Server thread/INFO]: [Not Secure] <Jose_Dev> jajsjas
[03:19:27] [Server thread/INFO]: [Not Secure] <SocZiro21> zamn
[03:19:57] [Server thread/INFO]: [Not Secure] <Jose_Dev> activa todos los texture packs
[03:20:10] [Server thread/INFO]: [Not Secure] <Jose_Dev> dedault de minecraft
[03:20:12] [Server thread/INFO]: [Not Secure] <SocZiro21> q
[03:20:30] [Server thread/INFO]: [Not Secure] <Jose_Dev> en RESUOURCE PACKS METE TODOS LOS RESOURCE PACKS MENOS LOS DE MINECRAFT BASE
[03:20:37] [Server thread/INFO]: [Not Secure] <Jose_Dev> VERAS COMO MEJORA
[03:20:40] [Server thread/INFO]: [Not Secure] <SocZiro21> pq me grita vieho
[03:20:44] [Server thread/INFO]: [Not Secure] <Jose_Dev> perdon
[03:20:46] [Server thread/INFO]: [Not Secure] <Jose_Dev> jajsas
[03:21:13] [Server thread/INFO]: [Not Secure] <SocZiro21> joder yaveo
[03:21:55] [Server thread/INFO]: [Not Secure] <SocZiro21> sigo sin poder pillar nada
[03:22:08] [Server thread/INFO]: [Not Secure] <Jose_Dev> la cama ponla
[03:22:12] [Server thread/INFO]: [Not Secure] <Jose_Dev> a ver si sigue bug
[03:22:28] [Server thread/INFO]: [Not Secure] <SocZiro21> me sale sin textura
[03:22:30] [Server thread/INFO]: [Not Secure] <SocZiro21> zamn
[03:22:51] [Server thread/INFO]: [Not Secure] <Jose_Dev> tse ve mejor
[03:22:54] [Server thread/INFO]: Jose_Dev has made the advancement [Sweet Dreams]
[03:23:01] [Server thread/INFO]: [Not Secure] <SocZiro21> la veo invisible
[03:23:07] [Server thread/INFO]: [Not Secure] <SocZiro21> osea no la veo
[03:23:17] [Server thread/INFO]: Kicked Jose_Dev: Kicked by an operator
[03:23:17] [Server thread/INFO]: Jose_Dev lost connection: Kicked by an operator
[03:23:17] [Server thread/INFO]: Jose_Dev left the game
[03:23:21] [Server thread/INFO]: SocZiro21 lost connection: Disconnected
[03:23:21] [Server thread/INFO]: SocZiro21 left the game
[03:24:00] [Server thread/INFO]: SocZiro21[/127.16.50.237:36313] logged in with entity id 12730 at (-911.895170293796, 65.5, 1830.0575597601958)
[03:24:00] [Server thread/INFO]: SocZiro21 joined the game
[03:25:08] [Server thread/INFO]: Jose_Dev[/127.43.62.8:59979] logged in with entity id 13117 at (-910.5, 65.0, 1831.5)
[03:25:08] [Server thread/INFO]: Jose_Dev joined the game
[03:25:18] [Server thread/INFO]: [Not Secure] <Jose_Dev> buenas
[03:25:26] [Server thread/INFO]: [Not Secure] <Jose_Dev> bro dormimos?
[03:25:29] [Server thread/INFO]: [Not Secure] <SocZiro21> r
[03:25:36] [Server thread/INFO]: SocZiro21 has made the advancement [Sweet Dreams]
[03:25:45] [Server thread/INFO]: [Not Secure] <Jose_Dev> hay esta
[03:25:51] [Server thread/INFO]: [Not Secure] <SocZiro21> bro no veo las camas
[03:25:57] [Server thread/INFO]: [Not Secure] <Jose_Dev> enseramos los aldeasnos
[03:26:02] [Server thread/INFO]: [Not Secure] <Jose_Dev> recarga el minecraft
[03:26:05] [Server thread/INFO]: SocZiro21 lost connection: Disconnected
[03:26:05] [Server thread/INFO]: SocZiro21 left the game
[03:27:11] [Server thread/INFO]: SocZiro21[/127.16.50.237:46263] logged in with entity id 13516 at (-912.6503905907144, 65.0, 1830.489587662753)
[03:27:11] [Server thread/INFO]: SocZiro21 joined the game
[03:27:24] [Server thread/INFO]: [Not Secure] <SocZiro21> abale
[03:27:24] [Server thread/INFO]: [Not Secure] <SocZiro21> ya
[03:27:28] [Server thread/INFO]: [Not Secure] <SocZiro21> sigo sin poder verlas
[03:27:30] [Server thread/INFO]: [Not Secure] <SocZiro21> zamn
[03:27:48] [Server thread/INFO]: [Not Secure] <Jose_Dev> joa
[03:28:16] [Server thread/INFO]: [Not Secure] <Jose_Dev> tengo todas las texturas activadas
[03:28:22] [Server thread/INFO]: [Not Secure] <SocZiro21> y yo
[03:28:26] [Server thread/INFO]: [Not Secure] <SocZiro21> menos las de programador
[03:28:31] [Server thread/INFO]: [Not Secure] <Jose_Dev> SI
[03:28:45] [Server thread/INFO]: [Not Secure] <Jose_Dev> esas no las tenfo
[03:32:00] [Server thread/INFO]: [Not Secure] <Jose_Dev> bro
[03:32:51] [Server thread/INFO]: [Not Secure] <SocZiro21> q
[03:32:55] [Server thread/INFO]: [Not Secure] <Jose_Dev> estas fk
[03:33:00] [Server thread/INFO]: [Not Secure] <Jose_Dev> afk
[03:33:16] [Server thread/INFO]: [Not Secure] <SocZiro21> estoy viendo q hacer pa ver las putas camas
[03:33:22] [Server thread/INFO]: [Not Secure] <SocZiro21> joder
[03:33:33] [Server thread/INFO]: [Not Secure] <SocZiro21> las texturas dicen integrado a better beds
[03:33:36] [Server thread/INFO]: [Not Secure] <SocZiro21> y tengo better beds
[03:33:45] [Server thread/INFO]: [Not Secure] <SocZiro21> entonces cual es el fokin problema
[03:33:52] [Server thread/INFO]: [Not Secure] <Jose_Dev> ni idea bro
[03:35:27] [Server thread/INFO]: [Not Secure] <Jose_Dev> esclavos
[03:35:33] [Server thread/INFO]: [Not Secure] <SocZiro21> muy pronto no?
[03:35:43] [Server thread/INFO]: [Not Secure] <Jose_Dev> jasjasj
[03:35:51] [Server thread/INFO]: [Not Secure] <Jose_Dev> todo a su tiempo yo s elo que hago
[03:37:07] [Server thread/INFO]: [Not Secure] <SocZiro21> aldeanos casualmente flotando pq no veo las fokin camas de verga
[03:37:20] [Server thread/INFO]: [Not Secure] <Jose_Dev> quitate la textura a ver
[03:37:56] [Server thread/INFO]: [Not Secure] <SocZiro21> pq sigo sin poder verlas incluso sin el pack de texturas?
[03:38:00] [Server thread/INFO]: [Not Secure] <SocZiro21> zamn
[03:38:05] [Server thread/INFO]: [Not Secure] <Jose_Dev> ya ni idea dale r
[03:38:07] [Server thread/INFO]: [Not Secure] <Jose_Dev> r
[03:38:31] [Server thread/INFO]: [Not Secure] <Jose_Dev> ya?
[03:38:34] [Server thread/INFO]: [Not Secure] <SocZiro21> no
[03:38:48] [Server thread/INFO]: [Not Secure] <SocZiro21> nomas veo el outline de la cama
[03:39:02] [Server thread/INFO]: [Not Secure] <Jose_Dev> bro a dormir
[03:39:38] [Server thread/INFO]: [Not Secure] <Jose_Dev> casi muero
